2022-03-28 17:03:20,379 - 396 - checking_the_city - Дмитрий Уранов ввел неверное название города: пек4а
2022-03-28 17:03:34,303 - 64 - cal - Дмитрий Уранов ввел неверную дату заедла: Выберите дату заезда.
2022-03-28 17:03:41,450 - 112 - cal - Дмитрий Уранов ввел неверную дату выезда: Выберите дату выезда.
2022-03-28 17:04:11,983 - 148 - checking_the_input - Дмитрий Уранов ввел неверное значение количество отелей: -5
2022-03-28 17:04:14,172 - 154 - checking_the_input - Дмитрий Уранов ввел неверное значение количество отелей: дл
2022-03-28 17:04:20,575 - 247 - getting_photos - Дмитрий Уранов ввел неверный ответ необходимости фотографий: -4
2022-03-28 17:04:24,528 - 251 - getting_photos - Дмитрий Уранов ввел неверный ответ необходимости фотографий: рп
2022-03-28 17:24:11,806 - 275 - minimum_price - Дмитрий Уранов ввел неверную минимальную цену за проживание: ж
2022-03-28 17:24:25,203 - 328 - distance_center - По запросу Дмитрий Уранов не найдено отолей.
2022-03-28 17:25:11,379 - 275 - minimum_price - Дмитрий Уранов ввел неверную минимальную цену за проживание: ж
2022-03-28 17:27:55,017 - 251 - getting_photos - Дмитрий Уранов ввел неверный ответ необходимости фотографий: д
2022-03-28 17:32:34,669 - 398 - checking_the_city - Дмитрий Уранов ввел неверное название города: пеки4
2022-03-28 17:32:39,153 - 398 - checking_the_city - Дмитрий Уранов ввел неверное название города: пеки.д
2022-03-28 17:32:51,288 - 64 - cal - Дмитрий Уранов ввел неверную дату заезда: Выберите дату заезда.
2022-03-28 17:32:58,325 - 112 - cal - Дмитрий Уранов ввел неверную дату выезда: Выберите дату выезда.
2022-03-28 17:33:06,759 - 154 - checking_the_input - Дмитрий Уранов ввел неверное значение количество отелей: л
2022-03-28 17:33:08,972 - 148 - checking_the_input - Дмитрий Уранов ввел неверное значение количество отелей: -5
2022-03-28 17:33:15,996 - 251 - getting_photos - Дмитрий Уранов ввел неверный ответ необходимости фотографий: ж
2022-03-28 17:33:18,220 - 247 - getting_photos - Дмитрий Уранов ввел неверный ответ необходимости фотографий: -1
2022-03-28 17:33:26,213 - 275 - minimum_price - Дмитрий Уранов ввел неверную минимальную цену за проживание: дл
2022-03-28 17:33:32,538 - 299 - max_price - Дмитрий Уранов ввел неверную максимальную цену за продивание: жд
2022-03-28 17:33:46,768 - 318 - distance_center - Дмитрий Уранов ввел неверное растояние до центра : -2
2022-03-28 17:35:11,488 - 64 - cal - Дмитрий Уранов ввел неверную дату заезда: 2021-04-05
2022-03-28 17:35:18,562 - 112 - cal - Дмитрий Уранов ввел неверную дату выезда: 2022-04-01
2022-04-04 15:52:58,560 - 113 - cal - Дмитрий Уранов ввел неверную дату выезда: 2022-04-12
2022-04-04 15:53:02,752 - 113 - cal - Дмитрий Уранов ввел неверную дату выезда: 2022-04-13
2022-04-04 15:53:07,601 - 113 - cal - Дмитрий Уранов ввел неверную дату выезда: 2022-04-14
2022-04-04 17:09:46,205 - 113 - cal - Дмитрий Уранов ввел неверную дату выезда: 2022-04-04
2022-04-04 21:21:56,030 - 113 - cal - Дмитрий Уранов ввел неверную дату выезда: 2022-05-04
2022-04-06 13:49:32,832 - 74 - cal - Дмитрий Уранов ввел неверную дату заезда: 2022-04-05
2022-04-06 14:29:49,650 - 313 - getting_photos - Дмитрий Уранов ввел неверный ответ необходимости фотографий: lowprice
2022-04-06 15:20:08,208 - 132 - cal - Дмитрий Уранов ввел неверную дату выезда: 2022-07-16
2022-04-06 15:20:08,286 - 139 - cal - Дмитрий Уранов ввел дату 2022-07-16 которая меньше даты заезда.
2022-04-08 20:01:59,196 - 342 - minimum_price - Дмитрий Уранов ввел неверную минимальную цену за проживание: -5
2022-04-08 20:02:10,678 - 335 - minimum_price - Дмитрий Уранов ввел неверную минимальную цену за проживание: 2500
2022-04-08 20:02:21,146 - 335 - minimum_price - Дмитрий Уранов ввел неверную минимальную цену за проживание: 8000
2022-04-08 20:06:53,019 - 65 - cal - Дмитрий Уранов ввел неверную дату заезда: 2022-04-05
2022-04-08 20:07:09,250 - 171 - checking_the_input - Дмитрий Уранов ввел неверное значение количество отелей: -6
2022-04-08 20:07:15,026 - 179 - checking_the_input - Дмитрий Уранов ввел неверное значение количество отелей: д
2022-04-08 20:07:22,581 - 301 - getting_photos - Дмитрий Уранов ввел неверный ответ необходимости фотографий: -5
2022-04-08 20:07:25,348 - 309 - getting_photos - Дмитрий Уранов ввел неверный ответ необходимости фотографий: д
2022-04-08 20:07:52,927 - 342 - minimum_price - Дмитрий Уранов ввел неверную минимальную цену за проживание: п
2022-04-08 20:07:57,007 - 342 - minimum_price - Дмитрий Уранов ввел неверную минимальную цену за проживание: -2500
2022-04-08 20:08:00,644 - 335 - minimum_price - Дмитрий Уранов ввел неверную минимальную цену за проживание: 2500
2022-04-08 20:10:31,045 - 342 - minimum_price - Дмитрий Уранов ввел неверную минимальную цену за проживание: р
2022-04-08 20:10:36,270 - 342 - minimum_price - Дмитрий Уранов ввел неверную минимальную цену за проживание: -25
2022-04-08 20:10:40,164 - 336 - minimum_price - Дмитрий Уранов ввел неверную минимальную цену за проживание: 2500
2022-04-08 20:10:44,003 - 376 - max_price - Дмитрий Уранов ввел неверную максимальную цену за проживание: д
2022-04-08 20:10:47,089 - 376 - max_price - Дмитрий Уранов ввел неверную максимальную цену за проживание: -56
2022-04-08 20:13:30,195 - 377 - max_price - Дмитрий Уранов ввел неверную максимальную цену за проживание: -5
2022-04-08 20:13:32,318 - 377 - max_price - Дмитрий Уранов ввел неверную максимальную цену за проживание: п
2022-04-08 20:13:40,046 - 440 - distance_center - Дмитрий Уранов ввел неверное растояние до цента: -5
2022-04-08 20:13:41,064 - 440 - distance_center - Дмитрий Уранов ввел неверное растояние до цента: р
2022-04-08 20:13:46,064 - 414 - distance_center - По запросу Дмитрий Уранов не найдено отолей.
2022-04-08 20:14:48,483 - 414 - distance_center - По запросу Дмитрий Уранов не найдено отолей.
2022-04-08 20:25:39,175 - 414 - distance_center - По запросу Дмитрий Уранов не найдено отолей.
2022-04-08 20:27:06,765 - 414 - distance_center - По запросу Дмитрий Уранов не найдено отолей.
2022-04-08 20:27:56,968 - 122 - cal - Дмитрий Уранов ввел неверную дату выезда: 2022-04-11
2022-04-08 20:27:57,051 - 129 - cal - Дмитрий Уранов ввел дату 2022-04-11 которая меньше даты заезда.
2022-04-08 20:28:25,284 - 414 - distance_center - По запросу Дмитрий Уранов не найдено отолей.
2022-04-08 20:33:21,894 - 308 - getting_photos - Дмитрий Уранов ввел неверный ответ необходимости фотографий: л
2022-04-08 20:33:24,040 - 308 - getting_photos - Дмитрий Уранов ввел неверный ответ необходимости фотографий: -5
2022-04-25 17:10:04,461 - 122 - cal - Дмитрий Уранов ввел неверную дату выезда: 2022-04-13
2022-04-25 17:10:04,677 - 129 - cal - Дмитрий Уранов ввел дату 2022-04-13 которая меньше даты заезда.
2022-04-26 14:02:07,390 - 505 - checking_the_city - Дмитрий Уранов ввел неверное название города: ;.ljkhlkjh
2022-05-08 10:35:23,000 - 65 - cal - Дмитрий Уранов ввел неверную дату заезда: 2022-04-04
